
*** Running vivado
    with args -log design_1_ila_0_0.vds -m64 -product Vivado -mode batch -messageDb vivado.pb -notrace -source design_1_ila_0_0.tcl


****** Vivado v2017.2 (64-bit)
  **** SW Build 1909853 on Thu Jun 15 18:39:09 MDT 2017
  **** IP Build 1909766 on Thu Jun 15 19:58:00 MDT 2017
    ** Copyright 1986-2017 Xilinx, Inc. All Rights Reserved.

source design_1_ila_0_0.tcl -notrace
Starting RTL Elaboration : Time (s): cpu = 00:00:05 ; elapsed = 00:00:06 . Memory (MB): peak = 375.270 ; gain = 101.703
INFO: [Synth 8-638] synthesizing module 'design_1_ila_0_0' [d:/Stajnbrikner_studentskiRad19-20/DEMO_PROJECTS/tempAudio/tempAudio/tempAudio.srcs/sources_1/bd/design_1/ip/design_1_ila_0_0/synth/design_1_ila_0_0.vhd:63]
INFO: [Synth 8-638] synthesizing module 'CFGLUT5' [C:/Xilinx/Vivado/2017.2/scripts/rt/data/unisim_comp.v:998]
INFO: [Synth 8-256] done synthesizing module 'CFGLUT5' (8#1) [C:/Xilinx/Vivado/2017.2/scripts/rt/data/unisim_comp.v:998]
INFO: [Synth 8-638] synthesizing module 'CARRY4' [C:/Xilinx/Vivado/2017.2/scripts/rt/data/unisim_comp.v:961]
INFO: [Synth 8-256] done synthesizing module 'CARRY4' (9#1) [C:/Xilinx/Vivado/2017.2/scripts/rt/data/unisim_comp.v:961]
INFO: [Synth 8-638] synthesizing module 'SRLC32E' [C:/Xilinx/Vivado/2017.2/scripts/rt/data/unisim_comp.v:43823]
INFO: [Synth 8-256] done synthesizing module 'SRLC32E' (19#1) [C:/Xilinx/Vivado/2017.2/scripts/rt/data/unisim_comp.v:43823]
INFO: [Synth 8-638] synthesizing module 'SRL16E' [C:/Xilinx/Vivado/2017.2/scripts/rt/data/unisim_comp.v:43673]
INFO: [Synth 8-256] done synthesizing module 'SRL16E' (21#1) [C:/Xilinx/Vivado/2017.2/scripts/rt/data/unisim_comp.v:43673]
INFO: [Synth 8-638] synthesizing module 'SRLC16E' [C:/Xilinx/Vivado/2017.2/scripts/rt/data/unisim_comp.v:43762]
INFO: [Synth 8-256] done synthesizing module 'SRLC16E' (23#1) [C:/Xilinx/Vivado/2017.2/scripts/rt/data/unisim_comp.v:43762]
INFO: [Synth 8-638] synthesizing module 'FDRE' [C:/Xilinx/Vivado/2017.2/scripts/rt/data/unisim_comp.v:3964]
INFO: [Synth 8-256] done synthesizing module 'FDRE' (28#1) [C:/Xilinx/Vivado/2017.2/scripts/rt/data/unisim_comp.v:3964]
INFO: [Synth 8-256] done synthesizing module 'design_1_ila_0_0' (46#1) [d:/Stajnbrikner_studentskiRad19-20/DEMO_PROJECTS/tempAudio/tempAudio/tempAudio.srcs/sources_1/bd/design_1/ip/design_1_ila_0_0/synth/design_1_ila_0_0.vhd:63]
Finished RTL Elaboration : Time (s): cpu = 00:00:58 ; elapsed = 00:00:59 . Memory (MB): peak = 690.762 ; gain = 417.195
Finished RTL Optimization Phase 1 : Time (s): cpu = 00:00:58 ; elapsed = 00:01:00 . Memory (MB): peak = 690.762 ; gain = 417.195
INFO: [Device 21-403] Loading part xc7z010clg400-1
Constraint Validation Runtime : Time (s): cpu = 00:00:00 ; elapsed = 00:00:00.055 . Memory (MB): peak = 750.656 ; gain = 0.000
Finished Constraint Validation : Time (s): cpu = 00:01:08 ; elapsed = 00:01:10 . Memory (MB): peak = 750.656 ; gain = 477.090
Finished Loading Part and Timing Information : Time (s): cpu = 00:01:08 ; elapsed = 00:01:10 . Memory (MB): peak = 750.656 ; gain = 477.090
Finished applying 'set_property' XDC Constraints : Time (s): cpu = 00:01:08 ; elapsed = 00:01:10 . Memory (MB): peak = 750.656 ; gain = 477.090
Finished RTL Optimization Phase 2 : Time (s): cpu = 00:01:10 ; elapsed = 00:01:12 . Memory (MB): peak = 750.656 ; gain = 477.090
Finished Cross Boundary and Area Optimization : Time (s): cpu = 00:01:14 ; elapsed = 00:01:17 . Memory (MB): peak = 750.656 ; gain = 477.090
Finished Applying XDC Timing Constraints : Time (s): cpu = 00:01:24 ; elapsed = 00:01:27 . Memory (MB): peak = 750.656 ; gain = 477.090
Finished Timing Optimization : Time (s): cpu = 00:01:26 ; elapsed = 00:01:29 . Memory (MB): peak = 762.633 ; gain = 489.066
Finished Technology Mapping : Time (s): cpu = 00:01:26 ; elapsed = 00:01:29 . Memory (MB): peak = 762.633 ; gain = 489.066
Finished IO Insertion : Time (s): cpu = 00:01:27 ; elapsed = 00:01:30 . Memory (MB): peak = 762.633 ; gain = 489.066
Finished Renaming Generated Instances : Time (s): cpu = 00:01:27 ; elapsed = 00:01:30 . Memory (MB): peak = 762.633 ; gain = 489.066
Finished Rebuilding User Hierarchy : Time (s): cpu = 00:01:27 ; elapsed = 00:01:30 . Memory (MB): peak = 762.633 ; gain = 489.066
Finished Renaming Generated Ports : Time (s): cpu = 00:01:27 ; elapsed = 00:01:30 . Memory (MB): peak = 762.633 ; gain = 489.066
Finished Handling Custom Attributes : Time (s): cpu = 00:01:27 ; elapsed = 00:01:30 . Memory (MB): peak = 762.633 ; gain = 489.066
Finished Renaming Generated Nets : Time (s): cpu = 00:01:27 ; elapsed = 00:01:30 . Memory (MB): peak = 762.633 ; gain = 489.066

Report Cell Usage: 
+------+---------+------+
|      |Cell     |Count |
+------+---------+------+
|1     |CARRY4   |    24|
|2     |CFGLUT5  |    42|
|3     |LUT1     |    62|
|4     |LUT2     |    40|
|5     |LUT3     |    93|
|6     |LUT4     |    83|
|7     |LUT5     |    65|
|8     |LUT6     |   273|
|9     |MUXF7    |     4|
|10    |RAMB18E1 |     1|
|11    |SRL16E   |     6|
|12    |SRLC16E  |     2|
|13    |SRLC32E  |    17|
|14    |FDRE     |   958|
|15    |FDSE     |     9|
+------+---------+------+
Finished Writing Synthesis Report : Time (s): cpu = 00:01:27 ; elapsed = 00:01:30 . Memory (MB): peak = 762.633 ; gain = 489.066
synth_design: Time (s): cpu = 00:01:30 ; elapsed = 00:01:32 . Memory (MB): peak = 762.633 ; gain = 489.066
