#-----------------------------------------------------------
# Webtalk v2017.2 (64-bit)
# SW Build 1909853 on Thu Jun 15 18:39:09 MDT 2017
# 
# Start of session at: Thu Mar  5 18:58:29 2020
# Process ID: 6068
# Current directory: D:/Stajnbrikner_studentskiRad19-20/DEMO_PROJECTS/tempAudio/tempAudio/tempAudio.sdk/webtalk
# Command line: wbtcv.exe -mode batch -source sdk_webtalk.tcl
# Log file: D:/Stajnbrikner_studentskiRad19-20/DEMO_PROJECTS/tempAudio/tempAudio/tempAudio.sdk/webtalk/webtalk.log
# Journal file: D:/Stajnbrikner_studentskiRad19-20/DEMO_PROJECTS/tempAudio/tempAudio/tempAudio.sdk/webtalk\webtalk.jou
#-----------------------------------------------------------
source sdk_webtalk.tcl
# webtalk_init -webtalk_dir D:\\Stajnbrikner_studentskiRad19-20\\DEMO_PROJECTS\\tempAudio\\tempAudio\\tempAudio.sdk\\webtalk
# webtalk_register_client -client project
# webtalk_add_data -client project -key date_generated -value "2020-03-05 18:58:28" -context "software_version_and_target_device"
# webtalk_add_data -client project -key product_version -value "SDK v2017.2" -context "software_version_and_target_device"
# webtalk_add_data -client project -key build_version -value "2017.2" -context "software_version_and_target_device"
# webtalk_add_data -client project -key os_platform -value "amd64" -context "software_version_and_target_device"
# webtalk_add_data -client project -key registration_id -value "211745453_0_0_427" -context "software_version_and_target_device"
# webtalk_add_data -client project -key tool_flow -value "SDK" -context "software_version_and_target_device"
# webtalk_add_data -client project -key beta -value "false" -context "software_version_and_target_device"
# webtalk_add_data -client project -key route_design -value "NA" -context "software_version_and_target_device"
# webtalk_add_data -client project -key target_family -value "NA" -context "software_version_and_target_device"
# webtalk_add_data -client project -key target_device -value "NA" -context "software_version_and_target_device"
# webtalk_add_data -client project -key target_package -value "NA" -context "software_version_and_target_device"
# webtalk_add_data -client project -key target_speed -value "NA" -context "software_version_and_target_device"
# webtalk_add_data -client project -key random_id -value "r1k0krh657qsmdrsadb27fmrg" -context "software_version_and_target_device"
# webtalk_add_data -client project -key project_id -value "2017.2_18" -context "software_version_and_target_device"
# webtalk_add_data -client project -key project_iteration -value "18" -context "software_version_and_target_device"
# webtalk_add_data -client project -key os_name -value "Microsoft Windows 8 or later , 64-bit" -context "user_environment"
# webtalk_add_data -client project -key os_release -value "major release  (build 9200)" -context "user_environment"
# webtalk_add_data -client project -key cpu_name -value "Intel(R) Core(TM) i7-6700 CPU @ 3.40GHz" -context "user_environment"
# webtalk_add_data -client project -key cpu_speed -value "3408 MHz" -context "user_environment"
# webtalk_add_data -client project -key total_processors -value "1" -context "user_environment"
# webtalk_add_data -client project -key system_ram -value "17.000 GB" -context "user_environment"
# webtalk_register_client -client sdk
# webtalk_add_data -client sdk -key uid -value "1583428243180" -context "sdk\\\\hardware/1583428243180"
# webtalk_add_data -client sdk -key isZynq -value "true" -context "sdk\\\\hardware/1583428243180"
# webtalk_add_data -client sdk -key isZynqMP -value "false" -context "sdk\\\\hardware/1583428243180"
# webtalk_add_data -client sdk -key Processors -value "2" -context "sdk\\\\hardware/1583428243180"
# webtalk_add_data -client sdk -key VivadoVersion -value "2017.2" -context "sdk\\\\hardware/1583428243180"
# webtalk_add_data -client sdk -key Arch -value "zynq" -context "sdk\\\\hardware/1583428243180"
# webtalk_add_data -client sdk -key Device -value "7z010" -context "sdk\\\\hardware/1583428243180"
# webtalk_add_data -client sdk -key IsHandoff -value "true" -context "sdk\\\\hardware/1583428243180"
# webtalk_add_data -client sdk -key os -value "NA" -context "sdk\\\\hardware/1583428243180"
# webtalk_add_data -client sdk -key apptemplate -value "NA" -context "sdk\\\\hardware/1583428243180"
# webtalk_add_data -client sdk -key RecordType -value "HWCreation" -context "sdk\\\\hardware/1583428243180"
# webtalk_add_data -client sdk -key uid -value "1583428273448" -context "sdk\\\\bsp/1583428273448"
# webtalk_add_data -client sdk -key hwid -value "1583428243180" -context "sdk\\\\bsp/1583428273448"
# webtalk_add_data -client sdk -key os -value "standalone" -context "sdk\\\\bsp/1583428273448"
# webtalk_add_data -client sdk -key apptemplate -value "hello_world" -context "sdk\\\\bsp/1583428273448"
# webtalk_add_data -client sdk -key RecordType -value "BSPCreation" -context "sdk\\\\bsp/1583428273448"
# webtalk_add_data -client sdk -key uid -value "1583428275503" -context "sdk\\\\application/1583428275503"
# webtalk_add_data -client sdk -key hwid -value "1583428243180" -context "sdk\\\\application/1583428275503"
# webtalk_add_data -client sdk -key bspid -value "1583428273448" -context "sdk\\\\application/1583428275503"
# webtalk_add_data -client sdk -key newbsp -value "true" -context "sdk\\\\application/1583428275503"
# webtalk_add_data -client sdk -key os -value "standalone" -context "sdk\\\\application/1583428275503"
# webtalk_add_data -client sdk -key apptemplate -value "hello_world" -context "sdk\\\\application/1583428275503"
# webtalk_add_data -client sdk -key RecordType -value "APPCreation" -context "sdk\\\\application/1583428275503"
# webtalk_add_data -client sdk -key LangUsed -value "C" -context "sdk\\\\application/1583428275503"
# webtalk_add_data -client sdk -key Procused -value "ps7_cortexa9" -context "sdk\\\\application/1583428275503"
# webtalk_add_data -client sdk -key projSize -value "203.04296875" -context "sdk\\\\application/1583428275503"
# webtalk_add_data -client sdk -key uid -value "NA" -context "sdk\\\\bsp/1583431108653"
# webtalk_add_data -client sdk -key RecordType -value "ToolUsage" -context "sdk\\\\bsp/1583431108653"
# webtalk_add_data -client sdk -key BootgenCount -value "0" -context "sdk\\\\bsp/1583431108653"
# webtalk_add_data -client sdk -key DebugCount -value "1" -context "sdk\\\\bsp/1583431108653"
# webtalk_add_data -client sdk -key PerfCount -value "0" -context "sdk\\\\bsp/1583431108653"
# webtalk_add_data -client sdk -key FlashCount -value "0" -context "sdk\\\\bsp/1583431108653"
# webtalk_add_data -client sdk -key CrossTriggCount -value "0" -context "sdk\\\\bsp/1583431108653"
# webtalk_add_data -client sdk -key QemuDebugCount -value "0" -context "sdk\\\\bsp/1583431108653"
# webtalk_transmit -clientid 2289222338 -regid "211745453_0_0_427" -xml D:\\Stajnbrikner_studentskiRad19-20\\DEMO_PROJECTS\\tempAudio\\tempAudio\\tempAudio.sdk\\webtalk\\usage_statistics_ext_sdk.xml -html D:\\Stajnbrikner_studentskiRad19-20\\DEMO_PROJECTS\\tempAudio\\tempAudio\\tempAudio.sdk\\webtalk\\usage_statistics_ext_sdk.html -wdm D:\\Stajnbrikner_studentskiRad19-20\\DEMO_PROJECTS\\tempAudio\\tempAudio\\tempAudio.sdk\\webtalk\\sdk_webtalk.wdm -intro "<H3>SDK Usage Report</H3><BR>"
# webtalk_terminate
INFO: [Common 17-206] Exiting Webtalk at Thu Mar  5 18:58:31 2020...
