
*** Running vivado
    with args -log design_1_ila_0_0.vds -m64 -product Vivado -mode batch -messageDb vivado.pb -notrace -source design_1_ila_0_0.tcl


****** Vivado v2017.2 (64-bit)
  **** SW Build 1909853 on Thu Jun 15 18:39:09 MDT 2017
  **** IP Build 1909766 on Thu Jun 15 19:58:00 MDT 2017
    ** Copyright 1986-2017 Xilinx, Inc. All Rights Reserved.

source design_1_ila_0_0.tcl -notrace
Starting RTL Elaboration : Time (s): cpu = 00:00:06 ; elapsed = 00:00:27 . Memory (MB): peak = 373.434 ; gain = 101.129
INFO: [Synth 8-638] synthesizing module 'design_1_ila_0_0' [d:/Stajnbrikner_studentskiRad19-20/DEMO_PROJECTS/tempAudio/tempAudio/tempAudio.srcs/sources_1/bd/design_1/ip/design_1_ila_0_0/synth/design_1_ila_0_0.vhd:63]
INFO: [Synth 8-638] synthesizing module 'CFGLUT5' [C:/Xilinx/Vivado/2017.2/scripts/rt/data/unisim_comp.v:998]
INFO: [Synth 8-256] done synthesizing module 'CFGLUT5' (8#1) [C:/Xilinx/Vivado/2017.2/scripts/rt/data/unisim_comp.v:998]
INFO: [Synth 8-638] synthesizing module 'CARRY4' [C:/Xilinx/Vivado/2017.2/scripts/rt/data/unisim_comp.v:961]
INFO: [Synth 8-256] done synthesizing module 'CARRY4' (9#1) [C:/Xilinx/Vivado/2017.2/scripts/rt/data/unisim_comp.v:961]
INFO: [Synth 8-638] synthesizing module 'SRLC32E' [C:/Xilinx/Vivado/2017.2/scripts/rt/data/unisim_comp.v:43823]
INFO: [Synth 8-256] done synthesizing module 'SRLC32E' (19#1) [C:/Xilinx/Vivado/2017.2/scripts/rt/data/unisim_comp.v:43823]
INFO: [Synth 8-638] synthesizing module 'SRL16E' [C:/Xilinx/Vivado/2017.2/scripts/rt/data/unisim_comp.v:43673]
INFO: [Synth 8-256] done synthesizing module 'SRL16E' (21#1) [C:/Xilinx/Vivado/2017.2/scripts/rt/data/unisim_comp.v:43673]
INFO: [Synth 8-638] synthesizing module 'SRLC16E' [C:/Xilinx/Vivado/2017.2/scripts/rt/data/unisim_comp.v:43762]
INFO: [Synth 8-256] done synthesizing module 'SRLC16E' (23#1) [C:/Xilinx/Vivado/2017.2/scripts/rt/data/unisim_comp.v:43762]
INFO: [Synth 8-638] synthesizing module 'FDRE' [C:/Xilinx/Vivado/2017.2/scripts/rt/data/unisim_comp.v:3964]
INFO: [Synth 8-256] done synthesizing module 'FDRE' (28#1) [C:/Xilinx/Vivado/2017.2/scripts/rt/data/unisim_comp.v:3964]
INFO: [Synth 8-256] done synthesizing module 'design_1_ila_0_0' (46#1) [d:/Stajnbrikner_studentskiRad19-20/DEMO_PROJECTS/tempAudio/tempAudio/tempAudio.srcs/sources_1/bd/design_1/ip/design_1_ila_0_0/synth/design_1_ila_0_0.vhd:63]
Finished RTL Elaboration : Time (s): cpu = 00:00:58 ; elapsed = 00:01:22 . Memory (MB): peak = 688.863 ; gain = 416.559
Finished RTL Optimization Phase 1 : Time (s): cpu = 00:00:58 ; elapsed = 00:01:22 . Memory (MB): peak = 688.863 ; gain = 416.559
INFO: [Device 21-403] Loading part xc7z010clg400-1
Constraint Validation Runtime : Time (s): cpu = 00:00:00 ; elapsed = 00:00:00.056 . Memory (MB): peak = 749.594 ; gain = 0.000
Finished Constraint Validation : Time (s): cpu = 00:01:09 ; elapsed = 00:01:36 . Memory (MB): peak = 749.594 ; gain = 477.289
Finished Loading Part and Timing Information : Time (s): cpu = 00:01:09 ; elapsed = 00:01:36 . Memory (MB): peak = 749.594 ; gain = 477.289
Finished applying 'set_property' XDC Constraints : Time (s): cpu = 00:01:09 ; elapsed = 00:01:36 . Memory (MB): peak = 749.594 ; gain = 477.289
Finished RTL Optimization Phase 2 : Time (s): cpu = 00:01:11 ; elapsed = 00:01:38 . Memory (MB): peak = 749.594 ; gain = 477.289
Finished Cross Boundary and Area Optimization : Time (s): cpu = 00:01:15 ; elapsed = 00:01:43 . Memory (MB): peak = 749.594 ; gain = 477.289
Finished Applying XDC Timing Constraints : Time (s): cpu = 00:01:25 ; elapsed = 00:01:53 . Memory (MB): peak = 749.594 ; gain = 477.289
Finished Timing Optimization : Time (s): cpu = 00:01:27 ; elapsed = 00:01:54 . Memory (MB): peak = 761.703 ; gain = 489.398
Finished Technology Mapping : Time (s): cpu = 00:01:27 ; elapsed = 00:01:55 . Memory (MB): peak = 761.703 ; gain = 489.398
Finished IO Insertion : Time (s): cpu = 00:01:27 ; elapsed = 00:01:55 . Memory (MB): peak = 761.703 ; gain = 489.398
Finished Renaming Generated Instances : Time (s): cpu = 00:01:27 ; elapsed = 00:01:55 . Memory (MB): peak = 761.703 ; gain = 489.398
Finished Rebuilding User Hierarchy : Time (s): cpu = 00:01:28 ; elapsed = 00:01:55 . Memory (MB): peak = 761.703 ; gain = 489.398
Finished Renaming Generated Ports : Time (s): cpu = 00:01:28 ; elapsed = 00:01:55 . Memory (MB): peak = 761.703 ; gain = 489.398
Finished Handling Custom Attributes : Time (s): cpu = 00:01:28 ; elapsed = 00:01:55 . Memory (MB): peak = 761.703 ; gain = 489.398
Finished Renaming Generated Nets : Time (s): cpu = 00:01:28 ; elapsed = 00:01:55 . Memory (MB): peak = 761.703 ; gain = 489.398

Report Cell Usage: 
+------+---------+------+
|      |Cell     |Count |
+------+---------+------+
|1     |CARRY4   |    24|
|2     |CFGLUT5  |    42|
|3     |LUT1     |    62|
|4     |LUT2     |    45|
|5     |LUT3     |    95|
|6     |LUT4     |    81|
|7     |LUT5     |    67|
|8     |LUT6     |   267|
|9     |MUXF7    |     5|
|10    |RAMB18E1 |     1|
|11    |SRL16E   |     6|
|12    |SRLC16E  |     2|
|13    |SRLC32E  |    17|
|14    |FDRE     |   958|
|15    |FDSE     |     9|
+------+---------+------+
Finished Writing Synthesis Report : Time (s): cpu = 00:01:28 ; elapsed = 00:01:55 . Memory (MB): peak = 761.703 ; gain = 489.398
synth_design: Time (s): cpu = 00:01:30 ; elapsed = 00:01:59 . Memory (MB): peak = 761.703 ; gain = 489.398
