
*** Running vivado
    with args -log design_1_util_vector_logic_0_0.vds -m64 -product Vivado -mode batch -messageDb vivado.pb -notrace -source design_1_util_vector_logic_0_0.tcl


****** Vivado v2017.2 (64-bit)
  **** SW Build 1909853 on Thu Jun 15 18:39:09 MDT 2017
  **** IP Build 1909766 on Thu Jun 15 19:58:00 MDT 2017
    ** Copyright 1986-2017 Xilinx, Inc. All Rights Reserved.

source design_1_util_vector_logic_0_0.tcl -notrace
Starting RTL Elaboration : Time (s): cpu = 00:00:03 ; elapsed = 00:00:03 . Memory (MB): peak = 323.105 ; gain = 79.656
INFO: [Synth 8-638] synthesizing module 'design_1_util_vector_logic_0_0' [d:/Stajnbrikner_studentskiRad19-20/DEMO_PROJECTS/tempAudio/tempAudio/tempAudio.srcs/sources_1/bd/design_1/ip/design_1_util_vector_logic_0_0/synth/design_1_util_vector_logic_0_0.v:57]
INFO: [Synth 8-638] synthesizing module 'util_vector_logic_v2_0_1_util_vector_logic' [d:/Stajnbrikner_studentskiRad19-20/DEMO_PROJECTS/tempAudio/tempAudio/tempAudio.srcs/sources_1/bd/design_1/ipshared/25ee/hdl/util_vector_logic_v2_0_vl_rfs.v:45]
INFO: [Synth 8-256] done synthesizing module 'util_vector_logic_v2_0_1_util_vector_logic' (1#1) [d:/Stajnbrikner_studentskiRad19-20/DEMO_PROJECTS/tempAudio/tempAudio/tempAudio.srcs/sources_1/bd/design_1/ipshared/25ee/hdl/util_vector_logic_v2_0_vl_rfs.v:45]
INFO: [Synth 8-256] done synthesizing module 'design_1_util_vector_logic_0_0' (2#1) [d:/Stajnbrikner_studentskiRad19-20/DEMO_PROJECTS/tempAudio/tempAudio/tempAudio.srcs/sources_1/bd/design_1/ip/design_1_util_vector_logic_0_0/synth/design_1_util_vector_logic_0_0.v:57]
Finished RTL Elaboration : Time (s): cpu = 00:00:03 ; elapsed = 00:00:04 . Memory (MB): peak = 362.434 ; gain = 118.984
Finished RTL Optimization Phase 1 : Time (s): cpu = 00:00:04 ; elapsed = 00:00:04 . Memory (MB): peak = 362.434 ; gain = 118.984
INFO: [Device 21-403] Loading part xc7z010clg400-1
Constraint Validation Runtime : Time (s): cpu = 00:00:00 ; elapsed = 00:00:00.050 . Memory (MB): peak = 566.020 ; gain = 0.000
Finished Constraint Validation : Time (s): cpu = 00:00:11 ; elapsed = 00:00:13 . Memory (MB): peak = 566.020 ; gain = 322.570
Finished Loading Part and Timing Information : Time (s): cpu = 00:00:11 ; elapsed = 00:00:13 . Memory (MB): peak = 566.020 ; gain = 322.570
Finished applying 'set_property' XDC Constraints : Time (s): cpu = 00:00:11 ; elapsed = 00:00:13 . Memory (MB): peak = 566.020 ; gain = 322.570
Finished RTL Optimization Phase 2 : Time (s): cpu = 00:00:12 ; elapsed = 00:00:13 . Memory (MB): peak = 566.020 ; gain = 322.570
Finished Cross Boundary and Area Optimization : Time (s): cpu = 00:00:12 ; elapsed = 00:00:14 . Memory (MB): peak = 566.020 ; gain = 322.570
Finished Applying XDC Timing Constraints : Time (s): cpu = 00:00:23 ; elapsed = 00:00:24 . Memory (MB): peak = 624.891 ; gain = 381.441
Finished Timing Optimization : Time (s): cpu = 00:00:23 ; elapsed = 00:00:24 . Memory (MB): peak = 624.891 ; gain = 381.441
Finished Technology Mapping : Time (s): cpu = 00:00:23 ; elapsed = 00:00:24 . Memory (MB): peak = 635.031 ; gain = 391.582
Finished IO Insertion : Time (s): cpu = 00:00:23 ; elapsed = 00:00:25 . Memory (MB): peak = 635.031 ; gain = 391.582
Finished Renaming Generated Instances : Time (s): cpu = 00:00:23 ; elapsed = 00:00:25 . Memory (MB): peak = 635.031 ; gain = 391.582
Finished Rebuilding User Hierarchy : Time (s): cpu = 00:00:23 ; elapsed = 00:00:25 . Memory (MB): peak = 635.031 ; gain = 391.582
Finished Renaming Generated Ports : Time (s): cpu = 00:00:23 ; elapsed = 00:00:25 . Memory (MB): peak = 635.031 ; gain = 391.582
Finished Handling Custom Attributes : Time (s): cpu = 00:00:23 ; elapsed = 00:00:25 . Memory (MB): peak = 635.031 ; gain = 391.582
Finished Renaming Generated Nets : Time (s): cpu = 00:00:23 ; elapsed = 00:00:25 . Memory (MB): peak = 635.031 ; gain = 391.582

Report Cell Usage: 
+------+-----+------+
|      |Cell |Count |
+------+-----+------+
|1     |LUT1 |     1|
+------+-----+------+
Finished Writing Synthesis Report : Time (s): cpu = 00:00:23 ; elapsed = 00:00:25 . Memory (MB): peak = 635.031 ; gain = 391.582
synth_design: Time (s): cpu = 00:00:25 ; elapsed = 00:00:26 . Memory (MB): peak = 648.559 ; gain = 410.750
