
*** Running vivado
    with args -log design_1_xlconstant_0_1.vds -m64 -product Vivado -mode batch -messageDb vivado.pb -notrace -source design_1_xlconstant_0_1.tcl


****** Vivado v2017.2 (64-bit)
  **** SW Build 1909853 on Thu Jun 15 18:39:09 MDT 2017
  **** IP Build 1909766 on Thu Jun 15 19:58:00 MDT 2017
    ** Copyright 1986-2017 Xilinx, Inc. All Rights Reserved.

source design_1_xlconstant_0_1.tcl -notrace
Starting RTL Elaboration : Time (s): cpu = 00:00:03 ; elapsed = 00:00:22 . Memory (MB): peak = 319.051 ; gain = 80.551
INFO: [Synth 8-638] synthesizing module 'design_1_xlconstant_0_1' [d:/Stajnbrikner_studentskiRad19-20/DEMO_PROJECTS/tempAudio/tempAudio/tempAudio.srcs/sources_1/bd/design_1/ip/design_1_xlconstant_0_1/synth/design_1_xlconstant_0_1.v:57]
INFO: [Synth 8-638] synthesizing module 'xlconstant_v1_1_3_xlconstant' [d:/Stajnbrikner_studentskiRad19-20/DEMO_PROJECTS/tempAudio/tempAudio/tempAudio.srcs/sources_1/bd/design_1/ipshared/45df/hdl/xlconstant_v1_1_vl_rfs.v:23]
INFO: [Synth 8-256] done synthesizing module 'xlconstant_v1_1_3_xlconstant' (1#1) [d:/Stajnbrikner_studentskiRad19-20/DEMO_PROJECTS/tempAudio/tempAudio/tempAudio.srcs/sources_1/bd/design_1/ipshared/45df/hdl/xlconstant_v1_1_vl_rfs.v:23]
INFO: [Synth 8-256] done synthesizing module 'design_1_xlconstant_0_1' (2#1) [d:/Stajnbrikner_studentskiRad19-20/DEMO_PROJECTS/tempAudio/tempAudio/tempAudio.srcs/sources_1/bd/design_1/ip/design_1_xlconstant_0_1/synth/design_1_xlconstant_0_1.v:57]
Finished RTL Elaboration : Time (s): cpu = 00:00:04 ; elapsed = 00:00:29 . Memory (MB): peak = 359.129 ; gain = 120.629
Finished RTL Optimization Phase 1 : Time (s): cpu = 00:00:04 ; elapsed = 00:00:31 . Memory (MB): peak = 359.129 ; gain = 120.629
INFO: [Device 21-403] Loading part xc7z010clg400-1
Constraint Validation Runtime : Time (s): cpu = 00:00:00 ; elapsed = 00:00:00.205 . Memory (MB): peak = 554.539 ; gain = 0.000
Finished Constraint Validation : Time (s): cpu = 00:00:12 ; elapsed = 00:01:16 . Memory (MB): peak = 554.539 ; gain = 316.039
Finished Loading Part and Timing Information : Time (s): cpu = 00:00:12 ; elapsed = 00:01:16 . Memory (MB): peak = 554.539 ; gain = 316.039
Finished applying 'set_property' XDC Constraints : Time (s): cpu = 00:00:12 ; elapsed = 00:01:16 . Memory (MB): peak = 554.539 ; gain = 316.039
Finished RTL Optimization Phase 2 : Time (s): cpu = 00:00:12 ; elapsed = 00:01:16 . Memory (MB): peak = 554.539 ; gain = 316.039
Finished Cross Boundary and Area Optimization : Time (s): cpu = 00:00:12 ; elapsed = 00:01:17 . Memory (MB): peak = 554.539 ; gain = 316.039
Finished Applying XDC Timing Constraints : Time (s): cpu = 00:00:22 ; elapsed = 00:01:27 . Memory (MB): peak = 600.551 ; gain = 362.051
Finished Timing Optimization : Time (s): cpu = 00:00:22 ; elapsed = 00:01:27 . Memory (MB): peak = 600.551 ; gain = 362.051
Finished Technology Mapping : Time (s): cpu = 00:00:22 ; elapsed = 00:01:27 . Memory (MB): peak = 610.691 ; gain = 372.191
Finished IO Insertion : Time (s): cpu = 00:00:23 ; elapsed = 00:01:28 . Memory (MB): peak = 610.691 ; gain = 372.191
Finished Renaming Generated Instances : Time (s): cpu = 00:00:23 ; elapsed = 00:01:28 . Memory (MB): peak = 610.691 ; gain = 372.191
Finished Rebuilding User Hierarchy : Time (s): cpu = 00:00:23 ; elapsed = 00:01:28 . Memory (MB): peak = 610.691 ; gain = 372.191
Finished Renaming Generated Ports : Time (s): cpu = 00:00:23 ; elapsed = 00:01:28 . Memory (MB): peak = 610.691 ; gain = 372.191
Finished Handling Custom Attributes : Time (s): cpu = 00:00:23 ; elapsed = 00:01:28 . Memory (MB): peak = 610.691 ; gain = 372.191
Finished Renaming Generated Nets : Time (s): cpu = 00:00:23 ; elapsed = 00:01:28 . Memory (MB): peak = 610.691 ; gain = 372.191

Report Cell Usage: 
+-+-----+------+
| |Cell |Count |
+-+-----+------+
+-+-----+------+
Finished Writing Synthesis Report : Time (s): cpu = 00:00:23 ; elapsed = 00:01:28 . Memory (MB): peak = 610.691 ; gain = 372.191
synth_design: Time (s): cpu = 00:00:24 ; elapsed = 00:01:36 . Memory (MB): peak = 627.285 ; gain = 389.410
