#-----------------------------------------------------------
# Vivado v2017.2 (64-bit)
# SW Build 1909853 on Thu Jun 15 18:39:09 MDT 2017
# IP Build 1909766 on Thu Jun 15 19:58:00 MDT 2017
# Start of session at: Mon Feb 24 14:41:41 2020
# Process ID: 7860
# Current directory: D:/PROJEKTIrtrk/audioSSM2603Bypass/tempAudio
# Command line: vivado.exe -gui_launcher_event rodinguilauncherevent11772 D:\PROJEKTIrtrk\audioSSM2603Bypass\tempAudio\tempAudio.xpr
# Log file: D:/PROJEKTIrtrk/audioSSM2603Bypass/tempAudio/vivado.log
# Journal file: D:/PROJEKTIrtrk/audioSSM2603Bypass/tempAudio\vivado.jou
#-----------------------------------------------------------
start_gui
open_project D:/PROJEKTIrtrk/audioSSM2603Bypass/tempAudio/tempAudio.xpr
INFO: [Project 1-313] Project file moved from 'D:/Stajnbrikner_studentskiRad19-20/DEMO_PROJECTS/tempAudio/tempAudio' since last save.
Scanning sources...
Finished scanning sources
INFO: [IP_Flow 19-234] Refreshing IP repositories
INFO: [IP_Flow 19-1700] Loaded user IP repository 'd:/PROJEKTIrtrk/audioSSM2603Bypass/clockManagerIP'.
INFO: [IP_Flow 19-2313] Loaded Vivado IP repository 'C:/Xilinx/Vivado/2017.2/data/ip'.
open_project: Time (s): cpu = 00:00:11 ; elapsed = 00:00:06 . Memory (MB): peak = 843.621 ; gain = 67.180
update_compile_order -fileset sources_1
open_bd_design {D:/PROJEKTIrtrk/audioSSM2603Bypass/tempAudio/tempAudio.srcs/sources_1/bd/design_1/design_1.bd}
Adding cell -- xilinx.com:ip:processing_system7:5.5 - processing_system7_0
Adding cell -- xilinx.com:ip:clk_wiz:5.4 - clk_wiz_0
Adding cell -- xilinx.com:ip:xlconstant:1.1 - xlconstant_0
Adding cell -- domain.local:user:ssmClocking:1.0 - ssmClocking_0
Adding cell -- xilinx.com:ip:util_vector_logic:2.0 - util_vector_logic_0
Adding cell -- xilinx.com:ip:xlconstant:1.1 - xlconstant_1
Adding cell -- xilinx.com:ip:util_vector_logic:2.0 - util_vector_logic_1
WARNING: [BD 41-1731] Type mismatch between connected pins: /clk_wiz_0/clk_out1(clk) and /ssmClocking_0/inCLK(undef)
Successfully read diagram <design_1> from BD file <D:/PROJEKTIrtrk/audioSSM2603Bypass/tempAudio/tempAudio.srcs/sources_1/bd/design_1/design_1.bd>
validate_bd_design -force
generate_target all [get_files  D:/PROJEKTIrtrk/audioSSM2603Bypass/tempAudio/tempAudio.srcs/sources_1/bd/design_1/design_1.bd]
INFO: [BD 41-1662] The design 'design_1.bd' is already validated. Therefore parameter propagation will not be re-run.
Wrote  : <D:/PROJEKTIrtrk/audioSSM2603Bypass/tempAudio/tempAudio.srcs/sources_1/bd/design_1/design_1.bd> 
VHDL Output written to : D:/PROJEKTIrtrk/audioSSM2603Bypass/tempAudio/tempAudio.srcs/sources_1/bd/design_1/hdl/design_1.vhd
VHDL Output written to : D:/PROJEKTIrtrk/audioSSM2603Bypass/tempAudio/tempAudio.srcs/sources_1/bd/design_1/hdl/design_1_wrapper.vhd
INFO: [BD 41-1029] Generation completed for the IP Integrator block processing_system7_0 .
INFO: [BD 41-1029] Generation completed for the IP Integrator block clk_wiz_0 .
INFO: [BD 41-1029] Generation completed for the IP Integrator block xlconstant_0 .
INFO: [BD 41-1029] Generation completed for the IP Integrator block ssmClocking_0 .
INFO: [BD 41-1029] Generation completed for the IP Integrator block util_vector_logic_0 .
INFO: [BD 41-1029] Generation completed for the IP Integrator block xlconstant_1 .
INFO: [BD 41-1029] Generation completed for the IP Integrator block util_vector_logic_1 .
Exporting to file D:/PROJEKTIrtrk/audioSSM2603Bypass/tempAudio/tempAudio.srcs/sources_1/bd/design_1/hw_handoff/design_1.hwh
Generated Block Design Tcl file D:/PROJEKTIrtrk/audioSSM2603Bypass/tempAudio/tempAudio.srcs/sources_1/bd/design_1/hw_handoff/design_1_bd.tcl
Generated Hardware Definition File D:/PROJEKTIrtrk/audioSSM2603Bypass/tempAudio/tempAudio.srcs/sources_1/bd/design_1/hdl/design_1.hwdef
export_ip_user_files -of_objects [get_files D:/PROJEKTIrtrk/audioSSM2603Bypass/tempAudio/tempAudio.srcs/sources_1/bd/design_1/design_1.bd] -no_script -sync -force -quiet
create_ip_run [get_files -of_objects [get_fileset sources_1] D:/PROJEKTIrtrk/audioSSM2603Bypass/tempAudio/tempAudio.srcs/sources_1/bd/design_1/design_1.bd]
export_simulation -of_objects [get_files D:/PROJEKTIrtrk/audioSSM2603Bypass/tempAudio/tempAudio.srcs/sources_1/bd/design_1/design_1.bd] -directory D:/PROJEKTIrtrk/audioSSM2603Bypass/tempAudio/tempAudio.ip_user_files/sim_scripts -ip_user_files_dir D:/PROJEKTIrtrk/audioSSM2603Bypass/tempAudio/tempAudio.ip_user_files -ipstatic_source_dir D:/PROJEKTIrtrk/audioSSM2603Bypass/tempAudio/tempAudio.ip_user_files/ipstatic -lib_map_path [list {modelsim=D:/PROJEKTIrtrk/audioSSM2603Bypass/tempAudio/tempAudio.cache/compile_simlib/modelsim} {questa=D:/PROJEKTIrtrk/audioSSM2603Bypass/tempAudio/tempAudio.cache/compile_simlib/questa} {riviera=D:/PROJEKTIrtrk/audioSSM2603Bypass/tempAudio/tempAudio.cache/compile_simlib/riviera} {activehdl=D:/PROJEKTIrtrk/audioSSM2603Bypass/tempAudio/tempAudio.cache/compile_simlib/activehdl}] -use_ip_compiled_libs -force -quiet
make_wrapper -files [get_files D:/PROJEKTIrtrk/audioSSM2603Bypass/tempAudio/tempAudio.srcs/sources_1/bd/design_1/design_1.bd] -top
reset_run synth_1
launch_runs impl_1 -to_step write_bitstream -jobs 8
[Mon Feb 24 14:43:40 2020] Launched synth_1...
Run output will be captured here: D:/PROJEKTIrtrk/audioSSM2603Bypass/tempAudio/tempAudio.runs/synth_1/runme.log
[Mon Feb 24 14:43:40 2020] Launched impl_1...
Run output will be captured here: D:/PROJEKTIrtrk/audioSSM2603Bypass/tempAudio/tempAudio.runs/impl_1/runme.log
open_run impl_1
INFO: [Netlist 29-17] Analyzing 5 Unisim elements for replacement
INFO: [Netlist 29-28] Unisim Transformation completed in 0 CPU seconds
INFO: [Project 1-479] Netlist was created with Vivado 2017.2
INFO: [Device 21-403] Loading part xc7z010clg400-1
INFO: [Project 1-570] Preparing netlist for logic optimization
Parsing XDC File [D:/PROJEKTIrtrk/audioSSM2603Bypass/tempAudio/.Xil/Vivado-7860-DESKTOP-EHUDLFT/dcp15/design_1_wrapper_board.xdc]
Finished Parsing XDC File [D:/PROJEKTIrtrk/audioSSM2603Bypass/tempAudio/.Xil/Vivado-7860-DESKTOP-EHUDLFT/dcp15/design_1_wrapper_board.xdc]
Parsing XDC File [D:/PROJEKTIrtrk/audioSSM2603Bypass/tempAudio/.Xil/Vivado-7860-DESKTOP-EHUDLFT/dcp15/design_1_wrapper_early.xdc]
INFO: [Timing 38-35] Done setting XDC timing constraints. [D:/PROJEKTIrtrk/audioSSM2603Bypass/tempAudio/tempAudio.srcs/sources_1/bd/design_1/ip/design_1_clk_wiz_0_0/design_1_clk_wiz_0_0.xdc:57]
INFO: [Timing 38-2] Deriving generated clocks [D:/PROJEKTIrtrk/audioSSM2603Bypass/tempAudio/tempAudio.srcs/sources_1/bd/design_1/ip/design_1_clk_wiz_0_0/design_1_clk_wiz_0_0.xdc:57]
get_clocks: Time (s): cpu = 00:00:10 ; elapsed = 00:00:09 . Memory (MB): peak = 1586.930 ; gain = 422.391
Finished Parsing XDC File [D:/PROJEKTIrtrk/audioSSM2603Bypass/tempAudio/.Xil/Vivado-7860-DESKTOP-EHUDLFT/dcp15/design_1_wrapper_early.xdc]
Parsing XDC File [D:/PROJEKTIrtrk/audioSSM2603Bypass/tempAudio/.Xil/Vivado-7860-DESKTOP-EHUDLFT/dcp15/design_1_wrapper.xdc]
Finished Parsing XDC File [D:/PROJEKTIrtrk/audioSSM2603Bypass/tempAudio/.Xil/Vivado-7860-DESKTOP-EHUDLFT/dcp15/design_1_wrapper.xdc]
Reading XDEF placement.
Reading placer database...
Reading XDEF routing.
Read XDEF File: Time (s): cpu = 00:00:00 ; elapsed = 00:00:00.228 . Memory (MB): peak = 1586.930 ; gain = 0.000
Restored from archive | CPU: 0.000000 secs | Memory: 0.000000 MB |
Finished XDEF File Restore: Time (s): cpu = 00:00:00 ; elapsed = 00:00:00.228 . Memory (MB): peak = 1586.930 ; gain = 0.000
INFO: [Project 1-111] Unisim Transformation Summary:
  A total of 2 instances were transformed.
  IOBUF => IOBUF (IBUF, OBUFT): 2 instances

open_run: Time (s): cpu = 00:00:24 ; elapsed = 00:00:19 . Memory (MB): peak = 1688.945 ; gain = 684.871
file mkdir D:/PROJEKTIrtrk/audioSSM2603Bypass/tempAudio/tempAudio.sdk
file copy -force D:/PROJEKTIrtrk/audioSSM2603Bypass/tempAudio/tempAudio.runs/impl_1/design_1_wrapper.sysdef D:/PROJEKTIrtrk/audioSSM2603Bypass/tempAudio/tempAudio.sdk/design_1_wrapper.hdf

launch_sdk -workspace D:/PROJEKTIrtrk/audioSSM2603Bypass/tempAudio/tempAudio.sdk -hwspec D:/PROJEKTIrtrk/audioSSM2603Bypass/tempAudio/tempAudio.sdk/design_1_wrapper.hdf
INFO: [Vivado 12-393] Launching SDK...
INFO: [Vivado 12-417] Running xsdk -workspace D:/PROJEKTIrtrk/audioSSM2603Bypass/tempAudio/tempAudio.sdk -hwspec D:/PROJEKTIrtrk/audioSSM2603Bypass/tempAudio/tempAudio.sdk/design_1_wrapper.hdf
INFO: [Vivado 12-3157] SDK launch initiated. Please check console for any further messages.
open_bd_design {D:/PROJEKTIrtrk/audioSSM2603Bypass/tempAudio/tempAudio.srcs/sources_1/bd/design_1/design_1.bd}
open_hw
connect_hw_server
INFO: [Labtools 27-2285] Connecting to hw_server url TCP:localhost:3121
INFO: [Labtools 27-2222] Launching hw_server...
INFO: [Labtools 27-2221] Launch Output:

****** Xilinx hw_server v2017.2
  **** Build date : Jun 15 2017-18:53:26
    ** Copyright 1986-2017 Xilinx, Inc. All Rights Reserved.


open_hw_target
INFO: [Labtoolstcl 44-466] Opening hw_target localhost:3121/xilinx_tcf/Digilent/210279A42845A
set_property PROGRAM.FILE {D:/PROJEKTIrtrk/audioSSM2603Bypass/tempAudio/tempAudio.runs/impl_1/design_1_wrapper.bit} [get_hw_devices xc7z010_1]
set_property PROBES.FILE {D:/PROJEKTIrtrk/audioSSM2603Bypass/tempAudio/tempAudio.runs/impl_1/design_1_wrapper.ltx} [get_hw_devices xc7z010_1]
set_property FULL_PROBES.FILE {D:/PROJEKTIrtrk/audioSSM2603Bypass/tempAudio/tempAudio.runs/impl_1/design_1_wrapper.ltx} [get_hw_devices xc7z010_1]
current_hw_device [get_hw_devices xc7z010_1]
refresh_hw_device [lindex [get_hw_devices xc7z010_1] 0]
INFO: [Labtools 27-1435] Device xc7z010 (JTAG device index = 1) is not programmed (DONE status = 0).
set_property PROBES.FILE {D:/PROJEKTIrtrk/audioSSM2603Bypass/tempAudio/tempAudio.runs/impl_1/design_1_wrapper.ltx} [get_hw_devices xc7z010_1]
set_property FULL_PROBES.FILE {D:/PROJEKTIrtrk/audioSSM2603Bypass/tempAudio/tempAudio.runs/impl_1/design_1_wrapper.ltx} [get_hw_devices xc7z010_1]
set_property PROGRAM.FILE {D:/PROJEKTIrtrk/audioSSM2603Bypass/tempAudio/tempAudio.runs/impl_1/design_1_wrapper.bit} [get_hw_devices xc7z010_1]
program_hw_devices [get_hw_devices xc7z010_1]
INFO: [Labtools 27-3164] End of startup status: HIGH
refresh_hw_device [lindex [get_hw_devices xc7z010_1] 0]
INFO: [Labtools 27-1434] Device xc7z010 (JTAG device index = 1) is programmed with a design that has no supported debug core(s) in it.
WARNING: [Labtools 27-3361] The debug hub core was not detected.
Resolution: 
1. Make sure the clock connected to the debug hub (dbg_hub) core is a free running clock and is active.
2. Make sure the BSCAN_SWITCH_USER_MASK device property in Vivado Hardware Manager reflects the user scan chain setting in the design and refresh the device.  To determine the user scan chain setting in the design, open the implemented design and use 'get_property C_USER_SCAN_CHAIN [get_debug_cores dbg_hub]'.
For more details on setting the scan chain property, consult the Vivado Debug and Programming User Guide (UG908).
WARNING: [Labtools 27-1974] Mismatch between the design programmed into the device xc7z010_1 and the probes file(s) D:/PROJEKTIrtrk/audioSSM2603Bypass/tempAudio/tempAudio.runs/impl_1/design_1_wrapper.ltx.
The device design has 0 ILA core(s) and 0 VIO core(s). The probes file(s) have 1 ILA core(s) and 0 VIO core(s).
Resolution: 
1. Reprogram device with the correct programming file and associated probes file(s) OR
2. Goto device properties and associate the correct probes file(s) with the programming file already programmed in the device.
WARNING: [Labtoolstcl 44-129] No matching hw_ila_data was found.
set_property PROBES.FILE {D:/PROJEKTIrtrk/audioSSM2603Bypass/tempAudio/tempAudio.runs/impl_1/design_1_wrapper.ltx} [get_hw_devices xc7z010_1]
set_property FULL_PROBES.FILE {D:/PROJEKTIrtrk/audioSSM2603Bypass/tempAudio/tempAudio.runs/impl_1/design_1_wrapper.ltx} [get_hw_devices xc7z010_1]
set_property PROGRAM.FILE {D:/PROJEKTIrtrk/audioSSM2603Bypass/tempAudio/tempAudio.runs/impl_1/design_1_wrapper.bit} [get_hw_devices xc7z010_1]
program_hw_devices [get_hw_devices xc7z010_1]
INFO: [Labtools 27-3164] End of startup status: HIGH
refresh_hw_device [lindex [get_hw_devices xc7z010_1] 0]
INFO: [Labtools 27-1434] Device xc7z010 (JTAG device index = 1) is programmed with a design that has no supported debug core(s) in it.
WARNING: [Labtools 27-3361] The debug hub core was not detected.
Resolution: 
1. Make sure the clock connected to the debug hub (dbg_hub) core is a free running clock and is active.
2. Make sure the BSCAN_SWITCH_USER_MASK device property in Vivado Hardware Manager reflects the user scan chain setting in the design and refresh the device.  To determine the user scan chain setting in the design, open the implemented design and use 'get_property C_USER_SCAN_CHAIN [get_debug_cores dbg_hub]'.
For more details on setting the scan chain property, consult the Vivado Debug and Programming User Guide (UG908).
WARNING: [Labtools 27-1974] Mismatch between the design programmed into the device xc7z010_1 and the probes file(s) D:/PROJEKTIrtrk/audioSSM2603Bypass/tempAudio/tempAudio.runs/impl_1/design_1_wrapper.ltx.
The device design has 0 ILA core(s) and 0 VIO core(s). The probes file(s) have 1 ILA core(s) and 0 VIO core(s).
Resolution: 
1. Reprogram device with the correct programming file and associated probes file(s) OR
2. Goto device properties and associate the correct probes file(s) with the programming file already programmed in the device.
ERROR: [Labtoolstcl 44-513] HW Target shutdown. Closing target: localhost:3121/xilinx_tcf/Digilent/210279A42845A
INFO: [Labtoolstcl 44-466] Opening hw_target localhost:3121/xilinx_tcf/Digilent/210279A42845A
WARNING: [Labtoolstcl 44-129] No matching hw_ila_data was found.
INFO: [Labtools 27-1435] Device xc7z010 (JTAG device index = 1) is not programmed (DONE status = 0).
WARNING: [Labtoolstcl 44-129] No matching hw_ila_data was found.
ERROR: [Labtoolstcl 44-513] HW Target shutdown. Closing target: localhost:3121/xilinx_tcf/Digilent/210279A42845A
INFO: [Labtoolstcl 44-466] Opening hw_target localhost:3121/xilinx_tcf/Digilent/210279A42845A
ERROR: [Labtools 27-3133] Error while setting target JTAG Clock Frequency.
disconnect_hw_server localhost:3121
connect_hw_server
INFO: [Labtools 27-2285] Connecting to hw_server url TCP:localhost:3121
open_hw_target
INFO: [Labtoolstcl 44-466] Opening hw_target localhost:3121/xilinx_tcf/Digilent/210279A42845A
set_property PROGRAM.FILE {D:/PROJEKTIrtrk/audioSSM2603Bypass/tempAudio/tempAudio.runs/impl_1/design_1_wrapper.bit} [get_hw_devices xc7z010_1]
set_property PROBES.FILE {D:/PROJEKTIrtrk/audioSSM2603Bypass/tempAudio/tempAudio.runs/impl_1/design_1_wrapper.ltx} [get_hw_devices xc7z010_1]
set_property FULL_PROBES.FILE {D:/PROJEKTIrtrk/audioSSM2603Bypass/tempAudio/tempAudio.runs/impl_1/design_1_wrapper.ltx} [get_hw_devices xc7z010_1]
current_hw_device [get_hw_devices xc7z010_1]
refresh_hw_device [lindex [get_hw_devices xc7z010_1] 0]
INFO: [Labtools 27-1435] Device xc7z010 (JTAG device index = 1) is not programmed (DONE status = 0).
set_property PROBES.FILE {D:/PROJEKTIrtrk/audioSSM2603Bypass/tempAudio/tempAudio.runs/impl_1/design_1_wrapper.ltx} [get_hw_devices xc7z010_1]
set_property FULL_PROBES.FILE {D:/PROJEKTIrtrk/audioSSM2603Bypass/tempAudio/tempAudio.runs/impl_1/design_1_wrapper.ltx} [get_hw_devices xc7z010_1]
set_property PROGRAM.FILE {D:/PROJEKTIrtrk/audioSSM2603Bypass/tempAudio/tempAudio.runs/impl_1/design_1_wrapper.bit} [get_hw_devices xc7z010_1]
program_hw_devices [get_hw_devices xc7z010_1]
INFO: [Labtools 27-3164] End of startup status: HIGH
refresh_hw_device [lindex [get_hw_devices xc7z010_1] 0]
INFO: [Labtools 27-1434] Device xc7z010 (JTAG device index = 1) is programmed with a design that has no supported debug core(s) in it.
WARNING: [Labtools 27-3361] The debug hub core was not detected.
Resolution: 
1. Make sure the clock connected to the debug hub (dbg_hub) core is a free running clock and is active.
2. Make sure the BSCAN_SWITCH_USER_MASK device property in Vivado Hardware Manager reflects the user scan chain setting in the design and refresh the device.  To determine the user scan chain setting in the design, open the implemented design and use 'get_property C_USER_SCAN_CHAIN [get_debug_cores dbg_hub]'.
For more details on setting the scan chain property, consult the Vivado Debug and Programming User Guide (UG908).
WARNING: [Labtools 27-1974] Mismatch between the design programmed into the device xc7z010_1 and the probes file(s) D:/PROJEKTIrtrk/audioSSM2603Bypass/tempAudio/tempAudio.runs/impl_1/design_1_wrapper.ltx.
The device design has 0 ILA core(s) and 0 VIO core(s). The probes file(s) have 1 ILA core(s) and 0 VIO core(s).
Resolution: 
1. Reprogram device with the correct programming file and associated probes file(s) OR
2. Goto device properties and associate the correct probes file(s) with the programming file already programmed in the device.
ERROR: [Labtoolstcl 44-513] HW Target shutdown. Closing target: localhost:3121/xilinx_tcf/Digilent/210279A42845A
exit
INFO: [Common 17-206] Exiting Vivado at Mon Feb 24 15:04:31 2020...
