13:35:31 INFO  : Registering command handlers for SDK TCF services
13:35:32 INFO  : Launching XSCT server: xsct.bat -interactive D:\Stajnbrikner_studentskiRad19-20\DEMO_PROJECTS\tempAudio\tempAudio\tempAudio.sdk\temp_xsdb_launch_script.tcl
13:35:33 INFO  : XSCT server has started successfully.
13:35:33 INFO  : Successfully done setting XSCT server connection channel  
13:35:33 INFO  : Successfully done setting SDK workspace  
13:35:33 INFO  : Processing command line option -hwspec D:/Stajnbrikner_studentskiRad19-20/DEMO_PROJECTS/tempAudio/tempAudio/tempAudio.sdk/design_1_wrapper.hdf.
13:38:25 INFO  : 'targets -set -filter {jtag_cable_name =~ "Digilent Zybo 210279A42845A" && level==0} -index 1' command is executed.
13:38:25 INFO  : 'fpga -state' command is executed.
13:38:28 INFO  : Memory regions updated for context APU
13:38:43 INFO  : 'targets -set -filter {jtag_cable_name =~ "Digilent Zybo 210279A42845A" && level==0} -index 1' command is executed.
13:38:43 INFO  : 'fpga -state' command is executed.
13:38:43 INFO  : Connected to target on host '127.0.0.1' and port '3121'.
13:38:43 INFO  : Jtag cable 'Digilent Zybo 210279A42845A' is selected.
13:38:43 INFO  : 'jtag frequency' command is executed.
13:38:43 INFO  : Sourcing of 'D:/Stajnbrikner_studentskiRad19-20/DEMO_PROJECTS/tempAudio/tempAudio/tempAudio.sdk/design_1_wrapper_hw_platform_0/ps7_init.tcl' is done.
13:38:43 INFO  : Context for 'APU' is selected.
13:38:43 INFO  : Hardware design information is loaded from 'D:/Stajnbrikner_studentskiRad19-20/DEMO_PROJECTS/tempAudio/tempAudio/tempAudio.sdk/design_1_wrapper_hw_platform_0/system.hdf'.
13:38:43 INFO  : 'configparams force-mem-access 1' command is executed.
13:38:43 INFO  : Context for 'APU' is selected.
13:38:43 INFO  : 'stop' command is executed.
13:38:43 INFO  : 'ps7_init' command is executed.
13:38:43 INFO  : 'ps7_post_config' command is executed.
13:38:43 INFO  : Context for processor 'ps7_cortexa9_0' is selected.
13:38:43 INFO  : Processor reset is completed for 'ps7_cortexa9_0'.
13:38:43 INFO  : Context for processor 'ps7_cortexa9_0' is selected.
13:38:43 INFO  : The application 'D:/Stajnbrikner_studentskiRad19-20/DEMO_PROJECTS/tempAudio/tempAudio/tempAudio.sdk/tempProj/Debug/tempProj.elf' is downloaded to processor 'ps7_cortexa9_0'.
13:38:43 INFO  : 'configparams force-mem-access 0' command is executed.
13:38:43 INFO  : ----------------XSDB Script----------------
connect -url tcp:127.0.0.1:3121
source D:/Stajnbrikner_studentskiRad19-20/DEMO_PROJECTS/tempAudio/tempAudio/tempAudio.sdk/design_1_wrapper_hw_platform_0/ps7_init.tcl
targets -set -nocase -filter {name =~"APU*" && jtag_cable_name =~ "Digilent Zybo 210279A42845A"} -index 0
loadhw -hw D:/Stajnbrikner_studentskiRad19-20/DEMO_PROJECTS/tempAudio/tempAudio/tempAudio.sdk/design_1_wrapper_hw_platform_0/system.hdf -mem-ranges [list {0x40000000 0xbfffffff}]
configparams force-mem-access 1
targets -set -nocase -filter {name =~"APU*" && jtag_cable_name =~ "Digilent Zybo 210279A42845A"} -index 0
stop
ps7_init
ps7_post_config
targets -set -nocase -filter {name =~ "ARM*#0" && jtag_cable_name =~ "Digilent Zybo 210279A42845A"} -index 0
rst -processor
targets -set -nocase -filter {name =~ "ARM*#0" && jtag_cable_name =~ "Digilent Zybo 210279A42845A"} -index 0
dow D:/Stajnbrikner_studentskiRad19-20/DEMO_PROJECTS/tempAudio/tempAudio/tempAudio.sdk/tempProj/Debug/tempProj.elf
configparams force-mem-access 0
----------------End of Script----------------

13:38:43 INFO  : Memory regions updated for context APU
13:38:43 INFO  : Context for processor 'ps7_cortexa9_0' is selected.
13:38:43 INFO  : 'con' command is executed.
13:38:43 INFO  : ----------------XSDB Script (After Launch)----------------
targets -set -nocase -filter {name =~ "ARM*#0" && jtag_cable_name =~ "Digilent Zybo 210279A42845A"} -index 0
con
----------------End of Script----------------

13:38:43 INFO  : Launch script is exported to file 'D:\Stajnbrikner_studentskiRad19-20\DEMO_PROJECTS\tempAudio\tempAudio\tempAudio.sdk\.sdk\launch_scripts\xilinx_c-c++_application_(system_debugger)\system_debugger_using_debug_tempproj.elf_on_local.tcl'
13:42:49 INFO  : Disconnected from the channel tcfchan#1.
