
*** Running vivado
    with args -log design_1_ila_0_0.vds -m64 -product Vivado -mode batch -messageDb vivado.pb -notrace -source design_1_ila_0_0.tcl


****** Vivado v2017.2 (64-bit)
  **** SW Build 1909853 on Thu Jun 15 18:39:09 MDT 2017
  **** IP Build 1909766 on Thu Jun 15 19:58:00 MDT 2017
    ** Copyright 1986-2017 Xilinx, Inc. All Rights Reserved.

source design_1_ila_0_0.tcl -notrace
Starting RTL Elaboration : Time (s): cpu = 00:00:05 ; elapsed = 00:00:06 . Memory (MB): peak = 376.855 ; gain = 101.922
INFO: [Synth 8-638] synthesizing module 'design_1_ila_0_0' [d:/Stajnbrikner_studentskiRad19-20/DEMO_PROJECTS/tempAudio/tempAudio/tempAudio.srcs/sources_1/bd/design_1/ip/design_1_ila_0_0/synth/design_1_ila_0_0.vhd:63]
INFO: [Synth 8-638] synthesizing module 'CFGLUT5' [C:/Xilinx/Vivado/2017.2/scripts/rt/data/unisim_comp.v:998]
INFO: [Synth 8-256] done synthesizing module 'CFGLUT5' (8#1) [C:/Xilinx/Vivado/2017.2/scripts/rt/data/unisim_comp.v:998]
INFO: [Synth 8-638] synthesizing module 'CARRY4' [C:/Xilinx/Vivado/2017.2/scripts/rt/data/unisim_comp.v:961]
INFO: [Synth 8-256] done synthesizing module 'CARRY4' (9#1) [C:/Xilinx/Vivado/2017.2/scripts/rt/data/unisim_comp.v:961]
INFO: [Synth 8-638] synthesizing module 'SRLC32E' [C:/Xilinx/Vivado/2017.2/scripts/rt/data/unisim_comp.v:43823]
INFO: [Synth 8-256] done synthesizing module 'SRLC32E' (19#1) [C:/Xilinx/Vivado/2017.2/scripts/rt/data/unisim_comp.v:43823]
INFO: [Synth 8-638] synthesizing module 'SRL16E' [C:/Xilinx/Vivado/2017.2/scripts/rt/data/unisim_comp.v:43673]
INFO: [Synth 8-256] done synthesizing module 'SRL16E' (21#1) [C:/Xilinx/Vivado/2017.2/scripts/rt/data/unisim_comp.v:43673]
INFO: [Synth 8-638] synthesizing module 'SRLC16E' [C:/Xilinx/Vivado/2017.2/scripts/rt/data/unisim_comp.v:43762]
INFO: [Synth 8-256] done synthesizing module 'SRLC16E' (23#1) [C:/Xilinx/Vivado/2017.2/scripts/rt/data/unisim_comp.v:43762]
INFO: [Synth 8-638] synthesizing module 'FDRE' [C:/Xilinx/Vivado/2017.2/scripts/rt/data/unisim_comp.v:3964]
INFO: [Synth 8-256] done synthesizing module 'FDRE' (28#1) [C:/Xilinx/Vivado/2017.2/scripts/rt/data/unisim_comp.v:3964]
INFO: [Synth 8-256] done synthesizing module 'design_1_ila_0_0' (46#1) [d:/Stajnbrikner_studentskiRad19-20/DEMO_PROJECTS/tempAudio/tempAudio/tempAudio.srcs/sources_1/bd/design_1/ip/design_1_ila_0_0/synth/design_1_ila_0_0.vhd:63]
Finished RTL Elaboration : Time (s): cpu = 00:00:55 ; elapsed = 00:00:57 . Memory (MB): peak = 692.285 ; gain = 417.352
Finished RTL Optimization Phase 1 : Time (s): cpu = 00:00:56 ; elapsed = 00:00:57 . Memory (MB): peak = 692.285 ; gain = 417.352
INFO: [Device 21-403] Loading part xc7z010clg400-1
Constraint Validation Runtime : Time (s): cpu = 00:00:00 ; elapsed = 00:00:00.052 . Memory (MB): peak = 752.707 ; gain = 0.000
Finished Constraint Validation : Time (s): cpu = 00:01:05 ; elapsed = 00:01:07 . Memory (MB): peak = 752.707 ; gain = 477.773
Finished Loading Part and Timing Information : Time (s): cpu = 00:01:05 ; elapsed = 00:01:07 . Memory (MB): peak = 752.707 ; gain = 477.773
Finished applying 'set_property' XDC Constraints : Time (s): cpu = 00:01:05 ; elapsed = 00:01:07 . Memory (MB): peak = 752.707 ; gain = 477.773
Finished RTL Optimization Phase 2 : Time (s): cpu = 00:01:06 ; elapsed = 00:01:08 . Memory (MB): peak = 752.707 ; gain = 477.773
Finished Cross Boundary and Area Optimization : Time (s): cpu = 00:01:11 ; elapsed = 00:01:13 . Memory (MB): peak = 752.707 ; gain = 477.773
Finished Applying XDC Timing Constraints : Time (s): cpu = 00:01:21 ; elapsed = 00:01:23 . Memory (MB): peak = 752.707 ; gain = 477.773
Finished Timing Optimization : Time (s): cpu = 00:01:22 ; elapsed = 00:01:24 . Memory (MB): peak = 764.129 ; gain = 489.195
Finished Technology Mapping : Time (s): cpu = 00:01:23 ; elapsed = 00:01:25 . Memory (MB): peak = 764.129 ; gain = 489.195
Finished IO Insertion : Time (s): cpu = 00:01:23 ; elapsed = 00:01:25 . Memory (MB): peak = 764.129 ; gain = 489.195
Finished Renaming Generated Instances : Time (s): cpu = 00:01:23 ; elapsed = 00:01:25 . Memory (MB): peak = 764.129 ; gain = 489.195
Finished Rebuilding User Hierarchy : Time (s): cpu = 00:01:23 ; elapsed = 00:01:25 . Memory (MB): peak = 764.129 ; gain = 489.195
Finished Renaming Generated Ports : Time (s): cpu = 00:01:23 ; elapsed = 00:01:25 . Memory (MB): peak = 764.129 ; gain = 489.195
Finished Handling Custom Attributes : Time (s): cpu = 00:01:23 ; elapsed = 00:01:26 . Memory (MB): peak = 764.129 ; gain = 489.195
Finished Renaming Generated Nets : Time (s): cpu = 00:01:23 ; elapsed = 00:01:26 . Memory (MB): peak = 764.129 ; gain = 489.195

Report Cell Usage: 
+------+---------+------+
|      |Cell     |Count |
+------+---------+------+
|1     |CARRY4   |    24|
|2     |CFGLUT5  |    42|
|3     |LUT1     |    61|
|4     |LUT2     |    43|
|5     |LUT3     |    92|
|6     |LUT4     |    82|
|7     |LUT5     |    56|
|8     |LUT6     |   284|
|9     |MUXF7    |     5|
|10    |RAMB18E1 |     1|
|11    |SRL16E   |     6|
|12    |SRLC16E  |     2|
|13    |SRLC32E  |    17|
|14    |FDRE     |   958|
|15    |FDSE     |     9|
+------+---------+------+
Finished Writing Synthesis Report : Time (s): cpu = 00:01:23 ; elapsed = 00:01:26 . Memory (MB): peak = 764.129 ; gain = 489.195
synth_design: Time (s): cpu = 00:01:26 ; elapsed = 00:01:28 . Memory (MB): peak = 764.129 ; gain = 489.195
