
*** Running vivado
    with args -log design_1_clk_wiz_0_0.vds -m64 -product Vivado -mode batch -messageDb vivado.pb -notrace -source design_1_clk_wiz_0_0.tcl


****** Vivado v2017.2 (64-bit)
  **** SW Build 1909853 on Thu Jun 15 18:39:09 MDT 2017
  **** IP Build 1909766 on Thu Jun 15 19:58:00 MDT 2017
    ** Copyright 1986-2017 Xilinx, Inc. All Rights Reserved.

source design_1_clk_wiz_0_0.tcl -notrace
Starting RTL Elaboration : Time (s): cpu = 00:00:03 ; elapsed = 00:00:22 . Memory (MB): peak = 320.031 ; gain = 79.543
INFO: [Synth 8-638] synthesizing module 'design_1_clk_wiz_0_0' [d:/Stajnbrikner_studentskiRad19-20/DEMO_PROJECTS/tempAudio/tempAudio/tempAudio.srcs/sources_1/bd/design_1/ip/design_1_clk_wiz_0_0/design_1_clk_wiz_0_0.v:70]
INFO: [Synth 8-638] synthesizing module 'design_1_clk_wiz_0_0_clk_wiz' [d:/Stajnbrikner_studentskiRad19-20/DEMO_PROJECTS/tempAudio/tempAudio/tempAudio.srcs/sources_1/bd/design_1/ip/design_1_clk_wiz_0_0/design_1_clk_wiz_0_0_clk_wiz.v:68]
INFO: [Synth 8-638] synthesizing module 'IBUF' [C:/Xilinx/Vivado/2017.2/scripts/rt/data/unisim_comp.v:14470]
INFO: [Synth 8-256] done synthesizing module 'IBUF' (1#1) [C:/Xilinx/Vivado/2017.2/scripts/rt/data/unisim_comp.v:14470]
INFO: [Synth 8-638] synthesizing module 'MMCME2_ADV' [C:/Xilinx/Vivado/2017.2/scripts/rt/data/unisim_comp.v:20759]
INFO: [Synth 8-256] done synthesizing module 'MMCME2_ADV' (2#1) [C:/Xilinx/Vivado/2017.2/scripts/rt/data/unisim_comp.v:20759]
INFO: [Synth 8-638] synthesizing module 'BUFG' [C:/Xilinx/Vivado/2017.2/scripts/rt/data/unisim_comp.v:607]
INFO: [Synth 8-256] done synthesizing module 'BUFG' (3#1) [C:/Xilinx/Vivado/2017.2/scripts/rt/data/unisim_comp.v:607]
INFO: [Synth 8-256] done synthesizing module 'design_1_clk_wiz_0_0_clk_wiz' (4#1) [d:/Stajnbrikner_studentskiRad19-20/DEMO_PROJECTS/tempAudio/tempAudio/tempAudio.srcs/sources_1/bd/design_1/ip/design_1_clk_wiz_0_0/design_1_clk_wiz_0_0_clk_wiz.v:68]
INFO: [Synth 8-256] done synthesizing module 'design_1_clk_wiz_0_0' (5#1) [d:/Stajnbrikner_studentskiRad19-20/DEMO_PROJECTS/tempAudio/tempAudio/tempAudio.srcs/sources_1/bd/design_1/ip/design_1_clk_wiz_0_0/design_1_clk_wiz_0_0.v:70]
Finished RTL Elaboration : Time (s): cpu = 00:00:04 ; elapsed = 00:00:29 . Memory (MB): peak = 361.113 ; gain = 120.625
Finished RTL Optimization Phase 1 : Time (s): cpu = 00:00:04 ; elapsed = 00:00:31 . Memory (MB): peak = 361.113 ; gain = 120.625
INFO: [Device 21-403] Loading part xc7z010clg400-1
Constraint Validation Runtime : Time (s): cpu = 00:00:00 ; elapsed = 00:00:00.013 . Memory (MB): peak = 577.258 ; gain = 0.000
Finished Constraint Validation : Time (s): cpu = 00:00:12 ; elapsed = 00:01:17 . Memory (MB): peak = 577.258 ; gain = 336.770
Finished Loading Part and Timing Information : Time (s): cpu = 00:00:12 ; elapsed = 00:01:17 . Memory (MB): peak = 577.258 ; gain = 336.770
Finished applying 'set_property' XDC Constraints : Time (s): cpu = 00:00:12 ; elapsed = 00:01:17 . Memory (MB): peak = 577.258 ; gain = 336.770
Finished RTL Optimization Phase 2 : Time (s): cpu = 00:00:12 ; elapsed = 00:01:17 . Memory (MB): peak = 577.258 ; gain = 336.770
Finished Cross Boundary and Area Optimization : Time (s): cpu = 00:00:13 ; elapsed = 00:01:17 . Memory (MB): peak = 577.258 ; gain = 336.770
Finished Applying XDC Timing Constraints : Time (s): cpu = 00:00:23 ; elapsed = 00:01:27 . Memory (MB): peak = 602.531 ; gain = 362.043
Finished Timing Optimization : Time (s): cpu = 00:00:23 ; elapsed = 00:01:27 . Memory (MB): peak = 602.531 ; gain = 362.043
Finished Technology Mapping : Time (s): cpu = 00:00:23 ; elapsed = 00:01:27 . Memory (MB): peak = 612.672 ; gain = 372.184
Finished IO Insertion : Time (s): cpu = 00:00:23 ; elapsed = 00:01:28 . Memory (MB): peak = 612.672 ; gain = 372.184
Finished Renaming Generated Instances : Time (s): cpu = 00:00:23 ; elapsed = 00:01:28 . Memory (MB): peak = 612.672 ; gain = 372.184
Finished Rebuilding User Hierarchy : Time (s): cpu = 00:00:23 ; elapsed = 00:01:28 . Memory (MB): peak = 612.672 ; gain = 372.184
Finished Renaming Generated Ports : Time (s): cpu = 00:00:23 ; elapsed = 00:01:28 . Memory (MB): peak = 612.672 ; gain = 372.184
Finished Handling Custom Attributes : Time (s): cpu = 00:00:23 ; elapsed = 00:01:28 . Memory (MB): peak = 612.672 ; gain = 372.184
Finished Renaming Generated Nets : Time (s): cpu = 00:00:23 ; elapsed = 00:01:28 . Memory (MB): peak = 612.672 ; gain = 372.184

Report Cell Usage: 
+------+-----------+------+
|      |Cell       |Count |
+------+-----------+------+
|1     |BUFG       |     2|
|2     |MMCME2_ADV |     1|
|3     |IBUF       |     1|
+------+-----------+------+
Finished Writing Synthesis Report : Time (s): cpu = 00:00:23 ; elapsed = 00:01:28 . Memory (MB): peak = 612.672 ; gain = 372.184
synth_design: Time (s): cpu = 00:00:25 ; elapsed = 00:01:36 . Memory (MB): peak = 625.199 ; gain = 387.344
